Fri Oct 21 17:45:36 2011 :: Reading Area Files...
Fri Oct 21 17:45:36 2011 :: Loading web data.
Fri Oct 21 17:45:36 2011 :: Loading Building Table....
Fri Oct 21 17:45:36 2011 :: Loading ../data/building_table.txt

Fri Oct 21 17:45:36 2011 :: Buildings: 107
Fri Oct 21 17:45:36 2011 :: Loading Wilderness....
Fri Oct 21 17:45:36 2011 :: Loading ../data/map.txt

Fri Oct 21 17:45:36 2011 :: Loading Buildings....
Fri Oct 21 17:45:36 2011 :: Loading ../data/buildings.txt

Fri Oct 21 17:45:36 2011 :: Loading Objects....
Fri Oct 21 17:45:36 2011 :: Loading ../data/objects.lst

Fri Oct 21 17:45:36 2011 :: Loading High Scores....
Fri Oct 21 17:45:36 2011 :: Loading ../data/scores.txt

Fri Oct 21 17:45:36 2011 :: Loading Proposed Alliances....
Fri Oct 21 17:45:36 2011 :: Loading ../data/palliances.txt


Fri Oct 21 17:45:36 2011 :: Loading ../data/ranks.txt

Fri Oct 21 17:45:36 2011 :: Loading alliances....
Fri Oct 21 17:45:36 2011 :: Loading ../data/alliances.txt

Fri Oct 21 17:45:36 2011 :: Loading Disabled Commands...
Fri Oct 21 17:45:36 2011 :: Loading Multiplay list....
Fri Oct 21 17:45:36 2011 :: Loading ../data/multiplay.txt

Fri Oct 21 17:45:36 2011 :: Loading quotes.
Fri Oct 21 17:45:36 2011 :: Loading ../data/quotes.txt

Fri Oct 21 17:45:36 2011 :: Loading banned sites.
Fri Oct 21 17:45:36 2011 :: Loading ../data/bans.lst

Fri Oct 21 17:45:36 2011 :: Done Loading ../data/bans.lst
Fri Oct 21 17:45:36 2011 :: Loading imm brands.
Fri Oct 21 17:45:36 2011 :: Loading System Data.
Fri Oct 21 17:45:36 2011 :: Loading vehicles...
Fri Oct 21 17:45:36 2011 :: Loading ../data/vehicles.txt

Fri Oct 21 17:45:36 2011 :: ACK! MUD is ready on port 8006.
Used 0 user CPU seconds.
Fri Oct 21 17:45:42 2011 :: Sock.sinaddr:  75.110.178.34 (44829)
Fri Oct 21 17:45:56 2011 :: Site Name: 75.110.178.34.
Fri Oct 21 17:45:56 2011 :: Chrono connected from 75.110.178.34 ( last login was from 67.137.90.42 ) !
Fri Oct 21 17:45:56 2011 :: Chrono logged on from IP 75.110.178.34
Fri Oct 21 17:47:26 2011 :: Chrono has left Assault: 3.0!
Fri Oct 21 17:47:37 2011 :: Sock.sinaddr:  75.110.178.34 (44840)
Fri Oct 21 17:48:11 2011 :: Site Name: 75.110.178.34.
Fri Oct 21 17:48:11 2011 :: Chrono logged on from IP 75.110.178.34
Fri Oct 21 17:48:48 2011 :: Chrono has left Assault: 3.0!
Fri Oct 21 17:48:58 2011 :: Sock.sinaddr:  75.110.178.34 (44863)
Fri Oct 21 17:49:05 2011 :: Site Name: 75.110.178.34.
Fri Oct 21 17:49:05 2011 :: Chrono logged on from IP 75.110.178.34
Fri Oct 21 18:51:12 2011 :: Log Chrono: hotreboot matrix
Fri Oct 21 18:51:12 2011 :: Reading Area Files...
Fri Oct 21 18:51:12 2011 :: Loading web data.
Fri Oct 21 18:51:12 2011 :: Loading Building Table....
Fri Oct 21 18:51:12 2011 :: Loading ../data/building_table.txt

Fri Oct 21 18:51:12 2011 :: Buildings: 107
Fri Oct 21 18:51:12 2011 :: Loading Wilderness....
Fri Oct 21 18:51:12 2011 :: Loading ../data/map.txt

Fri Oct 21 18:51:12 2011 :: Loading Buildings....
Fri Oct 21 18:51:12 2011 :: Loading ../data/buildings.txt

Fri Oct 21 18:51:12 2011 :: Loading Objects....
Fri Oct 21 18:51:12 2011 :: Loading ../data/objects.lst

Fri Oct 21 18:51:12 2011 :: Loading High Scores....
Fri Oct 21 18:51:12 2011 :: Loading ../data/scores.txt

Fri Oct 21 18:51:12 2011 :: Loading Proposed Alliances....
Fri Oct 21 18:51:12 2011 :: Loading ../data/palliances.txt


Fri Oct 21 18:51:12 2011 :: Loading ../data/ranks.txt

Fri Oct 21 18:51:12 2011 :: Loading alliances....
Fri Oct 21 18:51:12 2011 :: Loading ../data/alliances.txt

Fri Oct 21 18:51:12 2011 :: Loading Disabled Commands...
Fri Oct 21 18:51:12 2011 :: Loading Multiplay list....
Fri Oct 21 18:51:12 2011 :: Loading ../data/multiplay.txt

Fri Oct 21 18:51:12 2011 :: Loading quotes.
Fri Oct 21 18:51:12 2011 :: Loading ../data/quotes.txt

Fri Oct 21 18:51:12 2011 :: Loading banned sites.
Fri Oct 21 18:51:12 2011 :: Loading ../data/bans.lst

Fri Oct 21 18:51:12 2011 :: Done Loading ../data/bans.lst
Fri Oct 21 18:51:12 2011 :: Loading imm brands.
Fri Oct 21 18:51:12 2011 :: Loading System Data.
Fri Oct 21 18:51:12 2011 :: Copyover recovery initiated
Fri Oct 21 18:51:12 2011 :: Loading ../data/vehicles.txt

Fri Oct 21 18:51:12 2011 :: ACK! MUD is ready on port 8006.
Used 13 user CPU seconds.
Fri Oct 21 19:06:11 2011 :: Log Chrono: hotreboot matrix
Fri Oct 21 19:06:11 2011 :: Reading Area Files...
Fri Oct 21 19:06:11 2011 :: Loading web data.
Fri Oct 21 19:06:11 2011 :: Loading Building Table....
Fri Oct 21 19:06:11 2011 :: Loading ../data/building_table.txt

Fri Oct 21 19:06:11 2011 :: Buildings: 107
Fri Oct 21 19:06:11 2011 :: Loading Wilderness....
Fri Oct 21 19:06:11 2011 :: Loading ../data/map.txt

Fri Oct 21 19:06:11 2011 :: Loading Buildings....
Fri Oct 21 19:06:11 2011 :: Loading ../data/buildings.txt

Fri Oct 21 19:06:11 2011 :: Loading Objects....
Fri Oct 21 19:06:11 2011 :: Loading ../data/objects.lst

Fri Oct 21 19:06:11 2011 :: Loading High Scores....
Fri Oct 21 19:06:11 2011 :: Loading ../data/scores.txt

Fri Oct 21 19:06:11 2011 :: Loading Proposed Alliances....
Fri Oct 21 19:06:11 2011 :: Loading ../data/palliances.txt


Fri Oct 21 19:06:11 2011 :: Loading ../data/ranks.txt

Fri Oct 21 19:06:11 2011 :: Loading alliances....
Fri Oct 21 19:06:11 2011 :: Loading ../data/alliances.txt

Fri Oct 21 19:06:11 2011 :: Loading Disabled Commands...
Fri Oct 21 19:06:11 2011 :: Loading Multiplay list....
Fri Oct 21 19:06:11 2011 :: Loading ../data/multiplay.txt

Fri Oct 21 19:06:11 2011 :: Loading quotes.
Fri Oct 21 19:06:11 2011 :: Loading ../data/quotes.txt

Fri Oct 21 19:06:11 2011 :: Loading banned sites.
Fri Oct 21 19:06:11 2011 :: Loading ../data/bans.lst

Fri Oct 21 19:06:11 2011 :: Done Loading ../data/bans.lst
Fri Oct 21 19:06:11 2011 :: Loading imm brands.
Fri Oct 21 19:06:11 2011 :: Loading Relevel Info.
Fri Oct 21 19:06:11 2011 :: Loading System Data.
Fri Oct 21 19:06:11 2011 :: Copyover recovery initiated
Fri Oct 21 19:06:11 2011 :: Loading ../data/vehicles.txt

Fri Oct 21 19:06:11 2011 :: ACK! MUD is ready on port 8006.
Used 17 user CPU seconds.
Fri Oct 21 19:21:58 2011 :: Chrono has left Assault: 3.0!
Fri Oct 21 19:22:05 2011 :: Sock.sinaddr:  75.110.178.34 (45808)
Fri Oct 21 19:22:28 2011 :: Midnight connected from 75.110.178.34 ( last login was from Unknown! ) !
Fri Oct 21 19:22:28 2011 :: Midnight logged on from IP 75.110.178.34
Fri Oct 21 19:22:47 2011 :: Sock.sinaddr:  75.110.178.34 (45818)
Fri Oct 21 19:22:49 2011 :: Connection  refused - Already connected.
Fri Oct 21 19:23:01 2011 :: Midnight has left Assault: 3.0!
Fri Oct 21 19:23:11 2011 :: Site Name: 75.110.178.34.
Fri Oct 21 19:23:11 2011 :: Chrono logged on from IP 75.110.178.34
Fri Oct 21 19:23:35 2011 :: Log Chrono: togbu
Fri Oct 21 19:23:38 2011 :: Log Chrono: togbu chrono
Fri Oct 21 19:24:35 2011 :: Sock.sinaddr:  75.110.178.34 (45838)
Fri Oct 21 19:24:56 2011 :: Midnight connected from 75.110.178.34 ( last login was from Unknown! ) !
Fri Oct 21 19:24:56 2011 :: Midnight logged on from IP 75.110.178.34
Fri Oct 21 19:25:19 2011 :: Log Chrono: trans mid
Fri Oct 21 19:29:39 2011 :: Sock.sinaddr:  75.110.178.34 (45878)
Fri Oct 21 19:29:43 2011 :: Connection  refused - Already connected.
Fri Oct 21 19:30:03 2011 :: Connection  refused - Already connected.
Fri Oct 21 19:30:05 2011 :: Connection  refused - Already connected.
Fri Oct 21 19:32:26 2011 :: Log Chrono: allow
Fri Oct 21 19:33:20 2011 :: Sock.sinaddr:  75.110.178.34 (45900)
Fri Oct 21 19:36:31 2011 :: Sock.sinaddr:  75.110.178.34 (45928)
Fri Oct 21 19:37:53 2011 :: Zeke connected from 75.110.178.34 ( last login was from Unknown! ) !
Fri Oct 21 19:37:53 2011 :: Zeke logged on from IP 75.110.178.34
Fri Oct 21 19:38:12 2011 :: Log Chrono: trans zeke
Fri Oct 21 19:43:22 2011 :: Midnight's (0-NEWBIE) Shop destroyed by Zeke
Fri Oct 21 19:46:55 2011 :: Midnight's (0-NEWBIE) Forestal Turret destroyed by Zeke
Fri Oct 21 19:49:19 2011 :: Midnight (0-NEWBIE) killed by Zeke at 155/1310/0
Fri Oct 21 19:49:52 2011 :: Midnight logged on from IP 75.110.178.34
Fri Oct 21 19:56:57 2011 :: Log Chrono: oload
Fri Oct 21 19:57:00 2011 :: Log Chrono: oload sw
Fri Oct 21 19:57:07 2011 :: Log Chrono: oload 1142 90
Fri Oct 21 19:59:14 2011 :: Log Chrono: oload 1011 99
Fri Oct 21 20:00:20 2011 :: Midnight (0-NEWBIE) killed by Zeke at 155/1310/0
Fri Oct 21 20:00:49 2011 :: Midnight logged on from IP 75.110.178.34
Fri Oct 21 20:01:55 2011 :: Log Chrono: nukep
Fri Oct 21 20:02:43 2011 :: Log Chrono: reward
Fri Oct 21 20:02:50 2011 :: Log Chrono: reward zeke 500
Fri Oct 21 20:03:22 2011 :: Log Chrono: bload
Fri Oct 21 20:03:24 2011 :: Log Chrono: bload qp
Fri Oct 21 20:03:29 2011 :: Log Chrono: trans zeke
Fri Oct 21 20:06:30 2011 :: Log Chrono: nukep Cothax
Fri Oct 21 20:06:42 2011 :: Log Chrono: nukep Dovuro
Fri Oct 21 20:06:54 2011 :: Log Chrono: nukep Demortes
Fri Oct 21 20:07:47 2011 :: Log Chrono: mset
Fri Oct 21 20:07:58 2011 :: Log Chrono: mset ftime
Fri Oct 21 20:08:05 2011 :: Log Chrono: mset zeke ftime 19000
Fri Oct 21 20:08:17 2011 :: Log Chrono: mset
Fri Oct 21 20:08:25 2011 :: Log Chrono: oset
Fri Oct 21 20:08:36 2011 :: Log Chrono: bset
Fri Oct 21 20:08:49 2011 :: Log Chrono: qp
Fri Oct 21 20:15:32 2011 :: Log Chrono: trans zeke
Fri Oct 21 20:16:16 2011 :: Log Chrono: rankset
Fri Oct 21 20:16:19 2011 :: Log Chrono: rankset zeke 2
Fri Oct 21 20:16:37 2011 :: Log Chrono: trans zeke
Fri Oct 21 20:16:53 2011 :: Log Chrono: rankset midnight 2
Fri Oct 21 20:18:51 2011 :: Midnight's (0) Headquarters captured by Zeke.
Fri Oct 21 20:20:31 2011 :: Midnight (0-NEWBIE) killed by Zeke at 155/1311/0
Fri Oct 21 20:23:23 2011 :: Midnight logged on from IP 75.110.178.34
Fri Oct 21 20:24:31 2011 :: Midnight's (0-NEWBIE) Shop destroyed by Zeke
Fri Oct 21 20:26:00 2011 :: Log Chrono: disconnect zeke
Fri Oct 21 20:26:00 2011 :: Closing link to Zeke.
Fri Oct 21 20:26:04 2011 :: Log Chrono: disconn midnight
Fri Oct 21 20:26:04 2011 :: Closing link to Midnight.
